Thu Dec 06 22:00:08 CET 2018 : Apache Derby Network Server - 10.10.2.0 - (1582446) démarré et prêt à accepter les connexions sur le port 1527
----------------------------------------------------------------
Thu Dec 06 22:00:08 CET 2018:
Amorçage de Derby version The Apache Software Foundation - Apache Derby - 10.10.2.0 - (1582446) : instance a816c00e-0167-8552-0248-ffffc879067e 
dans le répertoire de base de données C:\Users\Greg\Documents\NetBeansProjects\Nuit2018\dataBase\carryHealth avec le chargeur de classe sun.misc.Launcher$AppClassLoader@1d44bcfa
Chargé de file:/C:/Program%20Files/glassfish-4.1.1/javadb/lib/derby.jar
java.vendor=Oracle Corporation
java.runtime.version=1.8.0_191-b12
user.dir=C:\Program Files\glassfish-4.1.1\javadb
os.name=Windows 10
os.arch=amd64
os.version=10.0
derby.system.home=C:\Users\Greg\Documents\NetBeansProjects\Nuit2018\dataBase
Chargeur de classe de la base de données démarré - derby.database.classpath = ''
----------------------------------------------------------------
Thu Dec 06 22:00:10 CET 2018:
Fermeture de l'instance a816c00e-0167-8552-0248-ffffc879067e sur le répertoire de base de données C:\Users\Greg\Documents\NetBeansProjects\Nuit2018\dataBase\carryHealth avec le chargeur de classe sun.misc.Launcher$AppClassLoader@1d44bcfa 
Thu Dec 06 22:00:10 CET 2018 Thread[DRDAConnThread_3,5,main] (DATABASE = carryHealth), (DRDAID = {2}), Arrêt de la base de données 'carryHealth'.
----------------------------------------------------------------
Thu Dec 06 22:06:51 CET 2018:
Amorçage de Derby version The Apache Software Foundation - Apache Derby - 10.10.2.0 - (1582446) : instance 560740aa-0167-8552-0248-ffffc879067e 
dans le répertoire de base de données C:\Users\Greg\Documents\NetBeansProjects\Nuit2018\dataBase\carryHealth avec le chargeur de classe sun.misc.Launcher$AppClassLoader@1d44bcfa
Chargé de file:/C:/Program%20Files/glassfish-4.1.1/javadb/lib/derby.jar
java.vendor=Oracle Corporation
java.runtime.version=1.8.0_191-b12
user.dir=C:\Program Files\glassfish-4.1.1\javadb
os.name=Windows 10
os.arch=amd64
os.version=10.0
derby.system.home=C:\Users\Greg\Documents\NetBeansProjects\Nuit2018\dataBase
Chargeur de classe de la base de données démarré - derby.database.classpath = ''
